<?xml version="1.0" encoding="UTF-8"?>
<!-- Generated by org.testng.reporters.JUnitReportReporter -->
<testsuite hostname="him" failures="0" tests="1" name="test.java.SampleTest" time="91.927" errors="0" timestamp="30 Sep 2022 11:39:03 GMT">
  <testcase classname="test.java.SampleTest" name="compareMovieDetails" time="91.927"/>
</testsuite> <!-- test.java.SampleTest -->
